mode: set
github.com/rohanshukla94/eclosion/render/render.go:35.111,37.37 1 1
github.com/rohanshukla94/eclosion/render/render.go:44.2,44.49 1 1
github.com/rohanshukla94/eclosion/render/render.go:38.12,39.36 1 1
github.com/rohanshukla94/eclosion/render/render.go:40.13,41.48 1 1
github.com/rohanshukla94/eclosion/render/render.go:42.10,42.10 0 1
github.com/rohanshukla94/eclosion/render/render.go:47.102,49.16 2 1
github.com/rohanshukla94/eclosion/render/render.go:53.2,54.17 2 1
github.com/rohanshukla94/eclosion/render/render.go:58.2,59.16 2 1
github.com/rohanshukla94/eclosion/render/render.go:63.2,63.12 1 1
github.com/rohanshukla94/eclosion/render/render.go:49.16,51.3 1 1
github.com/rohanshukla94/eclosion/render/render.go:54.17,56.3 1 0
github.com/rohanshukla94/eclosion/render/render.go:59.16,61.3 1 0
github.com/rohanshukla94/eclosion/render/render.go:66.122,70.22 2 1
github.com/rohanshukla94/eclosion/render/render.go:76.2,78.17 2 1
github.com/rohanshukla94/eclosion/render/render.go:82.2,84.16 2 1
github.com/rohanshukla94/eclosion/render/render.go:89.2,90.16 2 1
github.com/rohanshukla94/eclosion/render/render.go:94.2,94.12 1 1
github.com/rohanshukla94/eclosion/render/render.go:70.22,72.3 1 1
github.com/rohanshukla94/eclosion/render/render.go:72.8,74.3 1 0
github.com/rohanshukla94/eclosion/render/render.go:78.17,80.3 1 0
github.com/rohanshukla94/eclosion/render/render.go:84.16,87.3 2 1
github.com/rohanshukla94/eclosion/render/render.go:90.16,93.3 2 0
